<?xml version="1.0" encoding="UTF-8"?>
<testsuite name="kz.bitlab.techorda2025.thirdProject.ThirdProjectApplicationTests" tests="1" skipped="0" failures="0" errors="0" timestamp="2025-03-01T08:46:13" hostname="DESKTOP-A0M3GMF" time="3.211">
  <properties/>
  <testcase name="contextLoads()" classname="kz.bitlab.techorda2025.thirdProject.ThirdProjectApplicationTests" time="3.211"/>
  <system-out><![CDATA[13:46:05.666 [Test worker] INFO org.springframework.test.context.support.AnnotationConfigContextLoaderUtils -- Could not detect default configuration classes for test class [kz.bitlab.techorda2025.thirdProject.ThirdProjectApplicationTests]: ThirdProjectApplicationTests does not declare any static, non-private, non-final, nested classes annotated with @Configuration.
13:46:06.284 [Test worker] INFO org.springframework.boot.test.context.SpringBootTestContextBootstrapper -- Found @SpringBootConfiguration kz.bitlab.techorda2025.thirdProject.ThirdProjectApplication for test class kz.bitlab.techorda2025.thirdProject.ThirdProjectApplicationTests

  .   ____          _            __ _ _
 /\\ / ___'_ __ _ _(_)_ __  __ _ \ \ \ \
( ( )\___ | '_ | '_| | '_ \/ _` | \ \ \ \
 \\/  ___)| |_)| | | | | || (_| |  ) ) ) )
  '  |____| .__|_| |_|_| |_\__, | / / / /
 =========|_|==============|___/=/_/_/_/

 :: Spring Boot ::                (v3.4.2)

2025-03-01T13:46:08.471+05:00  INFO 7392 --- [thirdProject] [    Test worker] k.b.t.t.ThirdProjectApplicationTests     : Starting ThirdProjectApplicationTests using Java 21.0.6 with PID 7392 (started by User in C:\Users\User\IdeaProjects\taskProject)
2025-03-01T13:46:08.479+05:00  INFO 7392 --- [thirdProject] [    Test worker] k.b.t.t.ThirdProjectApplicationTests     : No active profile set, falling back to 1 default profile: "default"
2025-03-01T13:46:13.251+05:00  INFO 7392 --- [thirdProject] [    Test worker] k.b.t.t.ThirdProjectApplicationTests     : Started ThirdProjectApplicationTests in 5.916 seconds (process running for 10.499)
]]></system-out>
  <system-err><![CDATA[Mockito is currently self-attaching to enable the inline-mock-maker. This will no longer work in future releases of the JDK. Please add Mockito as an agent to your build what is described in Mockito's documentation: https://javadoc.io/doc/org.mockito/mockito-core/latest/org/mockito/Mockito.html#0.3
WARNING: A Java agent has been loaded dynamically (C:\Users\User\.gradle\caches\modules-2\files-2.1\net.bytebuddy\byte-buddy-agent\1.15.11\a38b16385e867f59a641330f0362ebe742788ed8\byte-buddy-agent-1.15.11.jar)
WARNING: If a serviceability tool is in use, please run with -XX:+EnableDynamicAgentLoading to hide this warning
WARNING: If a serviceability tool is not in use, please run with -Djdk.instrument.traceUsage for more information
WARNING: Dynamic loading of agents will be disallowed by default in a future release
]]></system-err>
</testsuite>
